<?xml version="1.0" encoding="UTF-8"?>
<!-- Generated by org.testng.reporters.JUnitXMLReporter -->
<testsuite ignored="0" hostname="LTIN293180" failures="0" tests="14" name="ChromeTest" time="32.317" errors="0" timestamp="2024-02-14T10:36:21 IST">
  <testcase classname="testCases.TC01_MmtHomeTest" name="clickOnCabsTest" time="3.469"/>
  <testcase classname="testCases.TC01_MmtHomeTest" name="inputfromCityTest" time="0.798"/>
  <testcase classname="testCases.TC01_MmtHomeTest" name="inputToCityTest" time="0.999"/>
  <testcase classname="testCases.TC01_MmtHomeTest" name="inputDateTest" time="0.181"/>
  <testcase classname="testCases.TC01_MmtHomeTest" name="inputTimeTest" time="0.572"/>
  <testcase classname="testCases.TC01_MmtHomeTest" name="clickOnSearchTest" time="2.772"/>
  <testcase classname="testCases.TC02_MmtResultPageTest" name="selectSUVTest" time="1.084"/>
  <testcase classname="testCases.TC02_MmtResultPageTest" name="selectLowestPriceTest" time="1.13"/>
  <testcase classname="testCases.TC02_MmtResultPageTest" name="selectGiftTest" time="1.549"/>
  <testcase classname="testCases.TC03_GiftCardsTest" name="selectWeddingCardTest" time="1.487"/>
  <testcase classname="testCases.TC04_SenderDetailsTest" name="inputSenderandrecipientsDetailsTest" time="1.675"/>
  <testcase classname="testCases.TC04_SenderDetailsTest" name="getAlertMsgTest" time="0.363"/>
  <testcase classname="testCases.TC04_SenderDetailsTest" name="goToHotelsTest" time="0.413"/>
  <testcase classname="testCases.TC04_SenderDetailsTest" name="getNumberOfPeopleTest" time="2.824"/>
</testsuite> <!-- ChromeTest -->
