<?xml version="1.0" encoding="UTF-8"?>
<!-- Generated by org.testng.reporters.JUnitXMLReporter -->
<testsuite ignored="0" hostname="LTIN293180" failures="0" tests="14" name="EdgeTest" time="32.927" errors="0" timestamp="2024-02-14T10:36:57 IST">
  <testcase classname="testCases.TC01_MmtHomeTest" name="clickOnCabsTest" time="5.71"/>
  <testcase classname="testCases.TC01_MmtHomeTest" name="inputfromCityTest" time="0.811"/>
  <testcase classname="testCases.TC01_MmtHomeTest" name="inputToCityTest" time="1.196"/>
  <testcase classname="testCases.TC01_MmtHomeTest" name="inputDateTest" time="0.18"/>
  <testcase classname="testCases.TC01_MmtHomeTest" name="inputTimeTest" time="0.71"/>
  <testcase classname="testCases.TC01_MmtHomeTest" name="clickOnSearchTest" time="2.904"/>
  <testcase classname="testCases.TC02_MmtResultPageTest" name="selectSUVTest" time="1.404"/>
  <testcase classname="testCases.TC02_MmtResultPageTest" name="selectLowestPriceTest" time="0.293"/>
  <testcase classname="testCases.TC02_MmtResultPageTest" name="selectGiftTest" time="1.461"/>
  <testcase classname="testCases.TC03_GiftCardsTest" name="selectWeddingCardTest" time="1.479"/>
  <testcase classname="testCases.TC04_SenderDetailsTest" name="inputSenderandrecipientsDetailsTest" time="1.395"/>
  <testcase classname="testCases.TC04_SenderDetailsTest" name="getAlertMsgTest" time="0.275"/>
  <testcase classname="testCases.TC04_SenderDetailsTest" name="goToHotelsTest" time="0.354"/>
  <testcase classname="testCases.TC04_SenderDetailsTest" name="getNumberOfPeopleTest" time="2.492"/>
</testsuite> <!-- EdgeTest -->
