<?xml version="1.0" encoding="UTF-8"?>
<!-- Generated by org.testng.reporters.JUnitXMLReporter -->
<testsuite ignored="0" hostname="LTIN293180" failures="0" tests="14" name="Test" time="31.227" errors="0" timestamp="2024-02-14T10:26:13 IST">
  <testcase classname="testCases.TC01_MmtHomeTest" name="clickOnCabsTest" time="5.195"/>
  <testcase classname="testCases.TC01_MmtHomeTest" name="inputfromCityTest" time="0.729"/>
  <testcase classname="testCases.TC01_MmtHomeTest" name="inputToCityTest" time="0.899"/>
  <testcase classname="testCases.TC01_MmtHomeTest" name="inputDateTest" time="0.18"/>
  <testcase classname="testCases.TC01_MmtHomeTest" name="inputTimeTest" time="0.66"/>
  <testcase classname="testCases.TC01_MmtHomeTest" name="clickOnSearchTest" time="1.758"/>
  <testcase classname="testCases.TC02_MmtResultPageTest" name="selectSUVTest" time="1.776"/>
  <testcase classname="testCases.TC02_MmtResultPageTest" name="selectLowestPriceTest" time="1.044"/>
  <testcase classname="testCases.TC02_MmtResultPageTest" name="selectGiftTest" time="1.71"/>
  <testcase classname="testCases.TC03_GiftCardsTest" name="selectWeddingCardTest" time="1.378"/>
  <testcase classname="testCases.TC04_SenderDetailsTest" name="inputSenderandrecipientsDetailsTest" time="1.57"/>
  <testcase classname="testCases.TC04_SenderDetailsTest" name="getAlertMsgTest" time="0.338"/>
  <testcase classname="testCases.TC04_SenderDetailsTest" name="goToHotelsTest" time="0.367"/>
  <testcase classname="testCases.TC04_SenderDetailsTest" name="getNumberOfPeopleTest" time="2.835"/>
</testsuite> <!-- Test -->
