<?xml version="1.0" encoding="UTF-8"?>
<!-- Generated by org.testng.reporters.JUnitXMLReporter -->
<testsuite ignored="0" hostname="LTIN293180" failures="0" tests="14" name="Test" time="32.324" errors="0" timestamp="2024-02-04T21:47:27 IST">
  <testcase classname="testCases.TC01_MmtHomeTest" name="clickOnCabsTest" time="0.423"/>
  <testcase classname="testCases.TC01_MmtHomeTest" name="inputfromCityTest" time="1.111"/>
  <testcase classname="testCases.TC01_MmtHomeTest" name="inputToCityTest" time="1.022"/>
  <testcase classname="testCases.TC01_MmtHomeTest" name="inputDateTest" time="0.407"/>
  <testcase classname="testCases.TC01_MmtHomeTest" name="inputTimeTest" time="1.257"/>
  <testcase classname="testCases.TC01_MmtHomeTest" name="clickOnSearchTest" time="1.953"/>
  <testcase classname="testCases.TC02_MmtResultPageTest" name="selectSUVTest" time="1.435"/>
  <testcase classname="testCases.TC02_MmtResultPageTest" name="selectLowestPriceTest" time="0.241"/>
  <testcase classname="testCases.TC02_MmtResultPageTest" name="selectGiftTest" time="1.382"/>
  <testcase classname="testCases.TC03_GiftCardsTest" name="selectWeddingCardTest" time="1.647"/>
  <testcase classname="testCases.TC04_SenderDetailsTest" name="inputSenderDetailsTest" time="1.851"/>
  <testcase classname="testCases.TC04_SenderDetailsTest" name="getAlertMsgTest" time="0.269"/>
  <testcase classname="testCases.TC04_SenderDetailsTest" name="goToHotelsTest" time="0.405"/>
  <testcase classname="testCases.TC04_SenderDetailsTest" name="getNumberOfPeopleTest" time="1.605"/>
</testsuite> <!-- Test -->
